mode: set
Task_Manager/handler/user/handler.go:17.64,19.2 1 1
Task_Manager/handler/user/handler.go:21.74,23.33 1 1
Task_Manager/handler/user/handler.go:23.33,26.3 2 1
Task_Manager/handler/user/handler.go:29.2,30.16 2 1
Task_Manager/handler/user/handler.go:30.16,33.3 2 1
Task_Manager/handler/user/handler.go:35.2,35.33 1 1
Task_Manager/handler/user/handler.go:35.33,37.17 2 1
Task_Manager/handler/user/handler.go:37.17,39.4 1 0
Task_Manager/handler/user/handler.go:42.2,44.52 2 1
Task_Manager/handler/user/handler.go:44.52,47.3 2 1
Task_Manager/handler/user/handler.go:49.2,50.16 2 1
Task_Manager/handler/user/handler.go:50.16,53.3 2 1
Task_Manager/handler/user/handler.go:55.2,57.63 2 1
Task_Manager/handler/user/handler.go:57.63,59.3 1 0
Task_Manager/handler/user/handler.go:62.71,64.32 1 1
Task_Manager/handler/user/handler.go:64.32,68.3 2 1
Task_Manager/handler/user/handler.go:69.2,72.16 3 1
Task_Manager/handler/user/handler.go:72.16,75.3 2 1
Task_Manager/handler/user/handler.go:77.2,78.16 2 1
Task_Manager/handler/user/handler.go:78.16,81.3 2 1
Task_Manager/handler/user/handler.go:83.2,86.16 4 1
Task_Manager/handler/user/handler.go:86.16,88.3 1 1
Task_Manager/handler/user/handler.go:91.74,93.35 1 1
Task_Manager/handler/user/handler.go:93.35,96.3 2 1
Task_Manager/handler/user/handler.go:97.2,100.16 3 1
Task_Manager/handler/user/handler.go:100.16,103.3 2 1
Task_Manager/handler/user/handler.go:105.2,105.44 1 1
Task_Manager/handler/user/handler.go:105.44,108.3 2 1
Task_Manager/handler/user/handler.go:110.2,113.16 3 1
Task_Manager/handler/user/handler.go:113.16,115.3 1 1
Task_Manager/handler/user/handler.go:118.75,120.32 1 1
Task_Manager/handler/user/handler.go:120.32,123.3 2 1
Task_Manager/handler/user/handler.go:124.2,125.16 2 1
Task_Manager/handler/user/handler.go:125.16,128.3 2 1
Task_Manager/handler/user/handler.go:130.2,133.16 4 1
Task_Manager/handler/user/handler.go:133.16,135.3 1 1
Task_Manager/handler/user/mock_interface.go:32.85,36.2 3 1
Task_Manager/handler/user/mock_interface.go:39.83,41.2 1 1
Task_Manager/handler/user/mock_interface.go:44.63,50.2 5 1
Task_Manager/handler/user/mock_interface.go:53.68,56.2 2 1
Task_Manager/handler/user/mock_interface.go:59.75,65.2 5 1
Task_Manager/handler/user/mock_interface.go:68.76,71.2 2 1
Task_Manager/handler/user/mock_interface.go:74.57,79.2 4 1
Task_Manager/handler/user/mock_interface.go:82.77,85.2 2 1
Task_Manager/handler/user/mock_interface.go:88.67,94.2 5 1
Task_Manager/handler/user/mock_interface.go:97.74,100.2 2 1

