mode: set
Task_Manager/service/task/service.go:27.77,32.2 1 1
Task_Manager/service/task/service.go:34.62,35.37 1 1
Task_Manager/service/task/service.go:35.37,37.3 1 1
Task_Manager/service/task/service.go:39.2,40.16 2 1
Task_Manager/service/task/service.go:40.16,42.3 1 1
Task_Manager/service/task/service.go:44.2,44.28 1 1
Task_Manager/service/task/service.go:47.58,49.2 1 1
Task_Manager/service/task/service.go:51.46,53.2 1 1
Task_Manager/service/task/service.go:55.44,57.2 1 1
Task_Manager/service/task/service.go:59.50,61.2 1 1
Task_Manager/service/task/service.go:63.73,66.16 2 1
Task_Manager/service/task/service.go:66.16,68.3 1 1
Task_Manager/service/task/service.go:70.2,70.43 1 1
