mode: set
Task_Manager/handler/task/handler.go:17.50,19.2 1 1
Task_Manager/handler/task/handler.go:22.66,23.33 1 1
Task_Manager/handler/task/handler.go:23.33,26.3 2 1
Task_Manager/handler/task/handler.go:28.2,29.16 2 1
Task_Manager/handler/task/handler.go:29.16,32.3 2 1
Task_Manager/handler/task/handler.go:34.2,34.33 1 1
Task_Manager/handler/task/handler.go:34.33,36.3 1 1
Task_Manager/handler/task/handler.go:38.2,39.48 2 1
Task_Manager/handler/task/handler.go:39.48,42.3 2 1
Task_Manager/handler/task/handler.go:44.2,45.16 2 1
Task_Manager/handler/task/handler.go:45.16,48.3 2 1
Task_Manager/handler/task/handler.go:50.2,52.16 2 1
Task_Manager/handler/task/handler.go:52.16,55.3 2 0
Task_Manager/handler/task/handler.go:57.2,60.41 3 1
Task_Manager/handler/task/handler.go:60.41,62.3 1 1
Task_Manager/handler/task/handler.go:67.67,68.32 1 1
Task_Manager/handler/task/handler.go:68.32,71.3 2 1
Task_Manager/handler/task/handler.go:73.2,76.16 3 1
Task_Manager/handler/task/handler.go:76.16,79.3 2 1
Task_Manager/handler/task/handler.go:81.2,82.16 2 1
Task_Manager/handler/task/handler.go:82.16,85.3 2 1
Task_Manager/handler/task/handler.go:87.2,89.16 2 1
Task_Manager/handler/task/handler.go:89.16,92.3 2 0
Task_Manager/handler/task/handler.go:94.2,96.41 3 1
Task_Manager/handler/task/handler.go:96.41,98.3 1 1
Task_Manager/handler/task/handler.go:102.76,103.32 1 1
Task_Manager/handler/task/handler.go:103.32,106.3 2 1
Task_Manager/handler/task/handler.go:108.2,111.16 3 1
Task_Manager/handler/task/handler.go:111.16,114.3 2 1
Task_Manager/handler/task/handler.go:116.2,117.16 2 1
Task_Manager/handler/task/handler.go:117.16,120.3 2 1
Task_Manager/handler/task/handler.go:122.2,124.16 2 1
Task_Manager/handler/task/handler.go:124.16,127.3 2 0
Task_Manager/handler/task/handler.go:129.2,134.16 4 1
Task_Manager/handler/task/handler.go:134.16,137.3 2 1
Task_Manager/handler/task/handler.go:141.68,142.32 1 1
Task_Manager/handler/task/handler.go:142.32,145.3 2 1
Task_Manager/handler/task/handler.go:147.2,150.16 3 1
Task_Manager/handler/task/handler.go:150.16,153.3 2 1
Task_Manager/handler/task/handler.go:155.2,155.42 1 1
Task_Manager/handler/task/handler.go:155.42,158.3 2 1
Task_Manager/handler/task/handler.go:160.2,163.16 3 1
Task_Manager/handler/task/handler.go:163.16,165.3 1 1
Task_Manager/handler/task/handler.go:169.66,170.35 1 1
Task_Manager/handler/task/handler.go:170.35,173.3 2 1
Task_Manager/handler/task/handler.go:175.2,178.16 3 1
Task_Manager/handler/task/handler.go:178.16,181.3 2 1
Task_Manager/handler/task/handler.go:183.2,183.40 1 1
Task_Manager/handler/task/handler.go:183.40,186.3 2 1
Task_Manager/handler/task/handler.go:188.2,191.16 3 1
Task_Manager/handler/task/handler.go:191.16,193.3 1 1
Task_Manager/handler/task/handler.go:197.63,198.32 1 1
Task_Manager/handler/task/handler.go:198.32,201.3 2 1
Task_Manager/handler/task/handler.go:203.2,204.16 2 1
Task_Manager/handler/task/handler.go:204.16,207.3 2 1
Task_Manager/handler/task/handler.go:209.2,211.16 2 1
Task_Manager/handler/task/handler.go:211.16,214.3 2 0
Task_Manager/handler/task/handler.go:216.2,219.41 3 1
Task_Manager/handler/task/handler.go:219.41,222.3 2 1
Task_Manager/handler/task/mock_interface.go:32.85,36.2 3 1
Task_Manager/handler/task/mock_interface.go:39.83,41.2 1 1
Task_Manager/handler/task/mock_interface.go:44.63,50.2 5 1
Task_Manager/handler/task/mock_interface.go:53.68,56.2 2 1
Task_Manager/handler/task/mock_interface.go:59.59,64.2 4 1
Task_Manager/handler/task/mock_interface.go:67.79,70.2 2 1
Task_Manager/handler/task/mock_interface.go:73.75,79.2 5 1
Task_Manager/handler/task/mock_interface.go:82.76,85.2 2 1
Task_Manager/handler/task/mock_interface.go:88.57,93.2 4 1
Task_Manager/handler/task/mock_interface.go:96.77,99.2 2 1
Task_Manager/handler/task/mock_interface.go:102.71,108.2 5 1
Task_Manager/handler/task/mock_interface.go:111.78,114.2 2 1
Task_Manager/handler/task/mock_interface.go:117.86,123.2 5 1
Task_Manager/handler/task/mock_interface.go:126.91,129.2 2 1

